mode: set
github.com/grafana/grafana-kiosk/pkg/kiosk/anonymous_login.go:13.41,15.16 2 0
github.com/grafana/grafana-kiosk/pkg/kiosk/anonymous_login.go:19.2,34.46 9 0
github.com/grafana/grafana-kiosk/pkg/kiosk/anonymous_login.go:39.2,52.16 4 0
github.com/grafana/grafana-kiosk/pkg/kiosk/anonymous_login.go:56.2,59.24 3 0
github.com/grafana/grafana-kiosk/pkg/kiosk/anonymous_login.go:15.16,16.13 1 0
github.com/grafana/grafana-kiosk/pkg/kiosk/anonymous_login.go:34.46,35.13 1 0
github.com/grafana/grafana-kiosk/pkg/kiosk/anonymous_login.go:52.16,53.13 1 0
github.com/grafana/grafana-kiosk/pkg/kiosk/grafana_genericoauth_login.go:14.44,16.16 2 0
github.com/grafana/grafana-kiosk/pkg/kiosk/grafana_genericoauth_login.go:20.2,35.46 9 0
github.com/grafana/grafana-kiosk/pkg/kiosk/grafana_genericoauth_login.go:39.2,51.26 4 0
github.com/grafana/grafana-kiosk/pkg/kiosk/grafana_genericoauth_login.go:68.2,75.16 2 0
github.com/grafana/grafana-kiosk/pkg/kiosk/grafana_genericoauth_login.go:16.16,17.13 1 0
github.com/grafana/grafana-kiosk/pkg/kiosk/grafana_genericoauth_login.go:35.46,36.13 1 0
github.com/grafana/grafana-kiosk/pkg/kiosk/grafana_genericoauth_login.go:51.26,54.17 1 0
github.com/grafana/grafana-kiosk/pkg/kiosk/grafana_genericoauth_login.go:54.17,55.14 1 0
github.com/grafana/grafana-kiosk/pkg/kiosk/grafana_genericoauth_login.go:57.8,62.17 1 0
github.com/grafana/grafana-kiosk/pkg/kiosk/grafana_genericoauth_login.go:62.17,63.14 1 0
github.com/grafana/grafana-kiosk/pkg/kiosk/grafana_genericoauth_login.go:75.16,76.13 1 0
github.com/grafana/grafana-kiosk/pkg/kiosk/listen_chrome_events.go:19.71,20.54 1 0
github.com/grafana/grafana-kiosk/pkg/kiosk/listen_chrome_events.go:20.54,21.26 1 0
github.com/grafana/grafana-kiosk/pkg/kiosk/listen_chrome_events.go:22.39,23.34 1 0
github.com/grafana/grafana-kiosk/pkg/kiosk/listen_chrome_events.go:29.38,30.33 1 0
github.com/grafana/grafana-kiosk/pkg/kiosk/listen_chrome_events.go:23.34,25.33 2 0
github.com/grafana/grafana-kiosk/pkg/kiosk/listen_chrome_events.go:25.33,27.6 1 0
github.com/grafana/grafana-kiosk/pkg/kiosk/listen_chrome_events.go:30.33,32.15 2 0
github.com/grafana/grafana-kiosk/pkg/kiosk/listen_chrome_events.go:32.15,34.6 1 0
github.com/grafana/grafana-kiosk/pkg/kiosk/local_login.go:14.37,16.16 2 0
github.com/grafana/grafana-kiosk/pkg/kiosk/local_login.go:20.2,35.46 9 0
github.com/grafana/grafana-kiosk/pkg/kiosk/local_login.go:39.2,57.16 4 0
github.com/grafana/grafana-kiosk/pkg/kiosk/local_login.go:16.16,17.13 1 0
github.com/grafana/grafana-kiosk/pkg/kiosk/local_login.go:35.46,36.13 1 0
github.com/grafana/grafana-kiosk/pkg/kiosk/local_login.go:57.16,58.13 1 0
github.com/grafana/grafana-kiosk/pkg/kiosk/utils.go:11.88,15.19 3 0
github.com/grafana/grafana-kiosk/pkg/kiosk/utils.go:29.2,29.16 1 0
github.com/grafana/grafana-kiosk/pkg/kiosk/utils.go:33.2,34.13 2 0
github.com/grafana/grafana-kiosk/pkg/kiosk/utils.go:38.2,38.27 1 0
github.com/grafana/grafana-kiosk/pkg/kiosk/utils.go:16.12,18.30 2 0
github.com/grafana/grafana-kiosk/pkg/kiosk/utils.go:19.14,21.38 2 0
github.com/grafana/grafana-kiosk/pkg/kiosk/utils.go:22.18,23.36 1 0
github.com/grafana/grafana-kiosk/pkg/kiosk/utils.go:24.10,26.38 2 0
github.com/grafana/grafana-kiosk/pkg/kiosk/utils.go:29.16,31.3 1 0
github.com/grafana/grafana-kiosk/pkg/kiosk/utils.go:34.13,36.3 1 0
github.com/grafana/grafana-kiosk/pkg/kiosk/utils.go:41.126,58.2 1 0
github.com/grafana/grafana-kiosk/pkg/cmd/grafana-kiosk/main.go:38.40,61.30 21 0
github.com/grafana/grafana-kiosk/pkg/cmd/grafana-kiosk/main.go:70.2,71.16 2 0
github.com/grafana/grafana-kiosk/pkg/cmd/grafana-kiosk/main.go:75.2,75.22 1 0
github.com/grafana/grafana-kiosk/pkg/cmd/grafana-kiosk/main.go:61.30,68.3 4 0
github.com/grafana/grafana-kiosk/pkg/cmd/grafana-kiosk/main.go:71.16,73.3 1 0
github.com/grafana/grafana-kiosk/pkg/cmd/grafana-kiosk/main.go:78.23,81.22 2 0
github.com/grafana/grafana-kiosk/pkg/cmd/grafana-kiosk/main.go:87.2,90.25 3 0
github.com/grafana/grafana-kiosk/pkg/cmd/grafana-kiosk/main.go:99.2,99.43 1 0
github.com/grafana/grafana-kiosk/pkg/cmd/grafana-kiosk/main.go:81.22,85.3 3 0
github.com/grafana/grafana-kiosk/pkg/cmd/grafana-kiosk/main.go:90.25,97.3 4 0
github.com/grafana/grafana-kiosk/pkg/cmd/grafana-kiosk/main.go:102.33,120.2 14 0
github.com/grafana/grafana-kiosk/pkg/cmd/grafana-kiosk/main.go:122.13,128.26 3 0
github.com/grafana/grafana-kiosk/pkg/cmd/grafana-kiosk/main.go:136.2,136.27 1 0
github.com/grafana/grafana-kiosk/pkg/cmd/grafana-kiosk/main.go:171.2,173.26 2 0
github.com/grafana/grafana-kiosk/pkg/cmd/grafana-kiosk/main.go:177.2,178.16 2 0
github.com/grafana/grafana-kiosk/pkg/cmd/grafana-kiosk/main.go:182.2,184.29 2 0
github.com/grafana/grafana-kiosk/pkg/cmd/grafana-kiosk/main.go:189.2,192.32 3 0
github.com/grafana/grafana-kiosk/pkg/cmd/grafana-kiosk/main.go:129.52,129.52 0 0
github.com/grafana/grafana-kiosk/pkg/cmd/grafana-kiosk/main.go:130.10,132.14 2 0
github.com/grafana/grafana-kiosk/pkg/cmd/grafana-kiosk/main.go:136.27,138.68 1 0
github.com/grafana/grafana-kiosk/pkg/cmd/grafana-kiosk/main.go:138.68,141.4 2 0
github.com/grafana/grafana-kiosk/pkg/cmd/grafana-kiosk/main.go:141.9,143.4 1 0
github.com/grafana/grafana-kiosk/pkg/cmd/grafana-kiosk/main.go:144.8,147.48 2 0
github.com/grafana/grafana-kiosk/pkg/cmd/grafana-kiosk/main.go:150.3,168.37 16 0
github.com/grafana/grafana-kiosk/pkg/cmd/grafana-kiosk/main.go:147.48,149.4 1 0
github.com/grafana/grafana-kiosk/pkg/cmd/grafana-kiosk/main.go:173.26,175.3 1 0
github.com/grafana/grafana-kiosk/pkg/cmd/grafana-kiosk/main.go:178.16,179.13 1 0
github.com/grafana/grafana-kiosk/pkg/cmd/grafana-kiosk/main.go:184.29,186.3 1 0
github.com/grafana/grafana-kiosk/pkg/cmd/grafana-kiosk/main.go:193.15,195.32 2 0
github.com/grafana/grafana-kiosk/pkg/cmd/grafana-kiosk/main.go:196.14,198.31 2 0
github.com/grafana/grafana-kiosk/pkg/cmd/grafana-kiosk/main.go:199.16,201.39 2 0
github.com/grafana/grafana-kiosk/pkg/cmd/grafana-kiosk/main.go:202.17,204.34 2 0
github.com/grafana/grafana-kiosk/pkg/cmd/grafana-kiosk/main.go:205.10,207.36 2 0
github.com/grafana/grafana-kiosk/pkg/kiosk/grafana_com_login.go:14.36,16.16 2 0
github.com/grafana/grafana-kiosk/pkg/kiosk/grafana_com_login.go:20.2,35.46 9 0
github.com/grafana/grafana-kiosk/pkg/kiosk/grafana_com_login.go:39.2,53.51 3 0
github.com/grafana/grafana-kiosk/pkg/kiosk/grafana_com_login.go:74.2,82.16 2 0
github.com/grafana/grafana-kiosk/pkg/kiosk/grafana_com_login.go:16.16,17.13 1 0
github.com/grafana/grafana-kiosk/pkg/kiosk/grafana_com_login.go:35.46,36.13 1 0
github.com/grafana/grafana-kiosk/pkg/kiosk/grafana_com_login.go:53.51,57.4 2 0
github.com/grafana/grafana-kiosk/pkg/kiosk/grafana_com_login.go:59.51,63.4 2 0
github.com/grafana/grafana-kiosk/pkg/kiosk/grafana_com_login.go:65.51,69.4 2 0
github.com/grafana/grafana-kiosk/pkg/kiosk/grafana_com_login.go:70.16,71.13 1 0
github.com/grafana/grafana-kiosk/pkg/kiosk/grafana_com_login.go:82.16,83.13 1 0
github.com/grafana/grafana-kiosk/pkg/kiosk/grafana_idtoken_login.go:20.39,22.16 2 0
github.com/grafana/grafana-kiosk/pkg/kiosk/grafana_idtoken_login.go:26.2,40.46 8 0
github.com/grafana/grafana-kiosk/pkg/kiosk/grafana_idtoken_login.go:44.2,51.16 5 0
github.com/grafana/grafana-kiosk/pkg/kiosk/grafana_idtoken_login.go:55.2,55.54 1 0
github.com/grafana/grafana-kiosk/pkg/kiosk/grafana_idtoken_login.go:77.2,77.73 1 0
github.com/grafana/grafana-kiosk/pkg/kiosk/grafana_idtoken_login.go:81.2,83.24 3 0
github.com/grafana/grafana-kiosk/pkg/kiosk/grafana_idtoken_login.go:22.16,23.13 1 0
github.com/grafana/grafana-kiosk/pkg/kiosk/grafana_idtoken_login.go:40.46,41.13 1 0
github.com/grafana/grafana-kiosk/pkg/kiosk/grafana_idtoken_login.go:51.16,52.13 1 0
github.com/grafana/grafana-kiosk/pkg/kiosk/grafana_idtoken_login.go:55.54,57.26 1 0
github.com/grafana/grafana-kiosk/pkg/kiosk/grafana_idtoken_login.go:58.34,59.14 1 0
github.com/grafana/grafana-kiosk/pkg/kiosk/grafana_idtoken_login.go:59.14,61.42 2 0
github.com/grafana/grafana-kiosk/pkg/kiosk/grafana_idtoken_login.go:64.5,65.19 2 0
github.com/grafana/grafana-kiosk/pkg/kiosk/grafana_idtoken_login.go:68.5,70.19 3 0
github.com/grafana/grafana-kiosk/pkg/kiosk/grafana_idtoken_login.go:61.42,63.6 1 0
github.com/grafana/grafana-kiosk/pkg/kiosk/grafana_idtoken_login.go:65.19,66.53 1 0
github.com/grafana/grafana-kiosk/pkg/kiosk/grafana_idtoken_login.go:70.19,71.68 1 0
github.com/grafana/grafana-kiosk/pkg/kiosk/grafana_idtoken_login.go:77.73,78.13 1 0
github.com/grafana/grafana-kiosk/pkg/kiosk/grafana_idtoken_login.go:86.55,90.2 2 0
github.com/grafana/grafana-kiosk/pkg/kiosk/grafana_idtoken_login.go:92.45,98.2 1 0
github.com/grafana/grafana-kiosk/pkg/initialize/lxde.go:10.24,31.2 18 0
github.com/grafana/grafana-kiosk/pkg/initialize/lxde.go:33.78,46.16 7 0
github.com/grafana/grafana-kiosk/pkg/initialize/lxde.go:51.2,51.16 1 0
github.com/grafana/grafana-kiosk/pkg/initialize/lxde.go:46.16,49.3 1 0
github.com/grafana/grafana-kiosk/pkg/initialize/lxde.go:51.16,56.17 3 0
github.com/grafana/grafana-kiosk/pkg/initialize/lxde.go:56.17,58.4 1 0
github.com/grafana/grafana-kiosk/pkg/kiosk/grafana_com_login.go:14.36,16.16 2 0
github.com/grafana/grafana-kiosk/pkg/kiosk/grafana_com_login.go:20.2,35.46 9 0
github.com/grafana/grafana-kiosk/pkg/kiosk/grafana_com_login.go:39.2,53.51 3 0
github.com/grafana/grafana-kiosk/pkg/kiosk/grafana_com_login.go:74.2,82.16 2 0
github.com/grafana/grafana-kiosk/pkg/kiosk/grafana_com_login.go:16.16,17.13 1 0
github.com/grafana/grafana-kiosk/pkg/kiosk/grafana_com_login.go:35.46,36.13 1 0
github.com/grafana/grafana-kiosk/pkg/kiosk/grafana_com_login.go:53.51,57.4 2 0
github.com/grafana/grafana-kiosk/pkg/kiosk/grafana_com_login.go:59.51,63.4 2 0
github.com/grafana/grafana-kiosk/pkg/kiosk/grafana_com_login.go:65.51,69.4 2 0
github.com/grafana/grafana-kiosk/pkg/kiosk/grafana_com_login.go:70.16,71.13 1 0
github.com/grafana/grafana-kiosk/pkg/kiosk/grafana_com_login.go:82.16,83.13 1 0
github.com/grafana/grafana-kiosk/pkg/kiosk/grafana_genericoauth_login.go:14.44,16.16 2 0
github.com/grafana/grafana-kiosk/pkg/kiosk/grafana_genericoauth_login.go:20.2,35.46 9 0
github.com/grafana/grafana-kiosk/pkg/kiosk/grafana_genericoauth_login.go:39.2,51.26 4 0
github.com/grafana/grafana-kiosk/pkg/kiosk/grafana_genericoauth_login.go:68.2,75.16 2 0
github.com/grafana/grafana-kiosk/pkg/kiosk/grafana_genericoauth_login.go:16.16,17.13 1 0
github.com/grafana/grafana-kiosk/pkg/kiosk/grafana_genericoauth_login.go:35.46,36.13 1 0
github.com/grafana/grafana-kiosk/pkg/kiosk/grafana_genericoauth_login.go:51.26,54.17 1 0
github.com/grafana/grafana-kiosk/pkg/kiosk/grafana_genericoauth_login.go:54.17,55.14 1 0
github.com/grafana/grafana-kiosk/pkg/kiosk/grafana_genericoauth_login.go:57.8,62.17 1 0
github.com/grafana/grafana-kiosk/pkg/kiosk/grafana_genericoauth_login.go:62.17,63.14 1 0
github.com/grafana/grafana-kiosk/pkg/kiosk/grafana_genericoauth_login.go:75.16,76.13 1 0
github.com/grafana/grafana-kiosk/pkg/kiosk/local_login.go:14.37,16.16 2 0
github.com/grafana/grafana-kiosk/pkg/kiosk/local_login.go:20.2,35.46 9 0
github.com/grafana/grafana-kiosk/pkg/kiosk/local_login.go:39.2,57.16 4 0
github.com/grafana/grafana-kiosk/pkg/kiosk/local_login.go:16.16,17.13 1 0
github.com/grafana/grafana-kiosk/pkg/kiosk/local_login.go:35.46,36.13 1 0
github.com/grafana/grafana-kiosk/pkg/kiosk/local_login.go:57.16,58.13 1 0
github.com/grafana/grafana-kiosk/pkg/kiosk/utils.go:11.88,15.19 3 0
github.com/grafana/grafana-kiosk/pkg/kiosk/utils.go:29.2,29.16 1 0
github.com/grafana/grafana-kiosk/pkg/kiosk/utils.go:33.2,34.13 2 0
github.com/grafana/grafana-kiosk/pkg/kiosk/utils.go:38.2,38.27 1 0
github.com/grafana/grafana-kiosk/pkg/kiosk/utils.go:16.12,18.30 2 0
github.com/grafana/grafana-kiosk/pkg/kiosk/utils.go:19.14,21.38 2 0
github.com/grafana/grafana-kiosk/pkg/kiosk/utils.go:22.18,23.36 1 0
github.com/grafana/grafana-kiosk/pkg/kiosk/utils.go:24.10,26.38 2 0
github.com/grafana/grafana-kiosk/pkg/kiosk/utils.go:29.16,31.3 1 0
github.com/grafana/grafana-kiosk/pkg/kiosk/utils.go:34.13,36.3 1 0
github.com/grafana/grafana-kiosk/pkg/kiosk/utils.go:41.126,58.2 1 0
github.com/grafana/grafana-kiosk/pkg/kiosk/listen_chrome_events.go:19.71,20.54 1 0
github.com/grafana/grafana-kiosk/pkg/kiosk/listen_chrome_events.go:20.54,21.26 1 0
github.com/grafana/grafana-kiosk/pkg/kiosk/listen_chrome_events.go:22.39,23.34 1 0
github.com/grafana/grafana-kiosk/pkg/kiosk/listen_chrome_events.go:29.38,30.33 1 0
github.com/grafana/grafana-kiosk/pkg/kiosk/listen_chrome_events.go:23.34,25.33 2 0
github.com/grafana/grafana-kiosk/pkg/kiosk/listen_chrome_events.go:25.33,27.6 1 0
github.com/grafana/grafana-kiosk/pkg/kiosk/listen_chrome_events.go:30.33,32.15 2 0
github.com/grafana/grafana-kiosk/pkg/kiosk/listen_chrome_events.go:32.15,34.6 1 0
github.com/grafana/grafana-kiosk/pkg/cmd/grafana-kiosk/main.go:38.40,61.30 21 0
github.com/grafana/grafana-kiosk/pkg/cmd/grafana-kiosk/main.go:70.2,71.16 2 0
github.com/grafana/grafana-kiosk/pkg/cmd/grafana-kiosk/main.go:75.2,75.22 1 0
github.com/grafana/grafana-kiosk/pkg/cmd/grafana-kiosk/main.go:61.30,68.3 4 0
github.com/grafana/grafana-kiosk/pkg/cmd/grafana-kiosk/main.go:71.16,73.3 1 0
github.com/grafana/grafana-kiosk/pkg/cmd/grafana-kiosk/main.go:78.23,81.22 2 0
github.com/grafana/grafana-kiosk/pkg/cmd/grafana-kiosk/main.go:87.2,90.25 3 0
github.com/grafana/grafana-kiosk/pkg/cmd/grafana-kiosk/main.go:99.2,99.43 1 0
github.com/grafana/grafana-kiosk/pkg/cmd/grafana-kiosk/main.go:81.22,85.3 3 0
github.com/grafana/grafana-kiosk/pkg/cmd/grafana-kiosk/main.go:90.25,97.3 4 0
github.com/grafana/grafana-kiosk/pkg/cmd/grafana-kiosk/main.go:102.33,120.2 14 0
github.com/grafana/grafana-kiosk/pkg/cmd/grafana-kiosk/main.go:122.13,128.26 3 0
github.com/grafana/grafana-kiosk/pkg/cmd/grafana-kiosk/main.go:136.2,136.27 1 0
github.com/grafana/grafana-kiosk/pkg/cmd/grafana-kiosk/main.go:171.2,173.26 2 0
github.com/grafana/grafana-kiosk/pkg/cmd/grafana-kiosk/main.go:177.2,178.16 2 0
github.com/grafana/grafana-kiosk/pkg/cmd/grafana-kiosk/main.go:182.2,184.29 2 0
github.com/grafana/grafana-kiosk/pkg/cmd/grafana-kiosk/main.go:189.2,192.32 3 0
github.com/grafana/grafana-kiosk/pkg/cmd/grafana-kiosk/main.go:129.52,129.52 0 0
github.com/grafana/grafana-kiosk/pkg/cmd/grafana-kiosk/main.go:130.10,132.14 2 0
github.com/grafana/grafana-kiosk/pkg/cmd/grafana-kiosk/main.go:136.27,138.68 1 0
github.com/grafana/grafana-kiosk/pkg/cmd/grafana-kiosk/main.go:138.68,141.4 2 0
github.com/grafana/grafana-kiosk/pkg/cmd/grafana-kiosk/main.go:141.9,143.4 1 0
github.com/grafana/grafana-kiosk/pkg/cmd/grafana-kiosk/main.go:144.8,147.48 2 0
github.com/grafana/grafana-kiosk/pkg/cmd/grafana-kiosk/main.go:150.3,168.37 16 0
github.com/grafana/grafana-kiosk/pkg/cmd/grafana-kiosk/main.go:147.48,149.4 1 0
github.com/grafana/grafana-kiosk/pkg/cmd/grafana-kiosk/main.go:173.26,175.3 1 0
github.com/grafana/grafana-kiosk/pkg/cmd/grafana-kiosk/main.go:178.16,179.13 1 0
github.com/grafana/grafana-kiosk/pkg/cmd/grafana-kiosk/main.go:184.29,186.3 1 0
github.com/grafana/grafana-kiosk/pkg/cmd/grafana-kiosk/main.go:193.15,195.32 2 0
github.com/grafana/grafana-kiosk/pkg/cmd/grafana-kiosk/main.go:196.14,198.31 2 0
github.com/grafana/grafana-kiosk/pkg/cmd/grafana-kiosk/main.go:199.16,201.39 2 0
github.com/grafana/grafana-kiosk/pkg/cmd/grafana-kiosk/main.go:202.17,204.34 2 0
github.com/grafana/grafana-kiosk/pkg/cmd/grafana-kiosk/main.go:205.10,207.36 2 0
github.com/grafana/grafana-kiosk/pkg/initialize/lxde.go:10.24,31.2 18 0
github.com/grafana/grafana-kiosk/pkg/initialize/lxde.go:33.78,46.16 7 0
github.com/grafana/grafana-kiosk/pkg/initialize/lxde.go:51.2,51.16 1 0
github.com/grafana/grafana-kiosk/pkg/initialize/lxde.go:46.16,49.3 1 0
github.com/grafana/grafana-kiosk/pkg/initialize/lxde.go:51.16,56.17 3 0
github.com/grafana/grafana-kiosk/pkg/initialize/lxde.go:56.17,58.4 1 0
github.com/grafana/grafana-kiosk/pkg/kiosk/anonymous_login.go:13.41,15.16 2 0
github.com/grafana/grafana-kiosk/pkg/kiosk/anonymous_login.go:19.2,34.46 9 0
github.com/grafana/grafana-kiosk/pkg/kiosk/anonymous_login.go:39.2,52.16 4 0
github.com/grafana/grafana-kiosk/pkg/kiosk/anonymous_login.go:56.2,59.24 3 0
github.com/grafana/grafana-kiosk/pkg/kiosk/anonymous_login.go:15.16,16.13 1 0
github.com/grafana/grafana-kiosk/pkg/kiosk/anonymous_login.go:34.46,35.13 1 0
github.com/grafana/grafana-kiosk/pkg/kiosk/anonymous_login.go:52.16,53.13 1 0
github.com/grafana/grafana-kiosk/pkg/kiosk/grafana_idtoken_login.go:20.39,22.16 2 0
github.com/grafana/grafana-kiosk/pkg/kiosk/grafana_idtoken_login.go:26.2,40.46 8 0
github.com/grafana/grafana-kiosk/pkg/kiosk/grafana_idtoken_login.go:44.2,51.16 5 0
github.com/grafana/grafana-kiosk/pkg/kiosk/grafana_idtoken_login.go:55.2,55.54 1 0
github.com/grafana/grafana-kiosk/pkg/kiosk/grafana_idtoken_login.go:77.2,77.73 1 0
github.com/grafana/grafana-kiosk/pkg/kiosk/grafana_idtoken_login.go:81.2,83.24 3 0
github.com/grafana/grafana-kiosk/pkg/kiosk/grafana_idtoken_login.go:22.16,23.13 1 0
github.com/grafana/grafana-kiosk/pkg/kiosk/grafana_idtoken_login.go:40.46,41.13 1 0
github.com/grafana/grafana-kiosk/pkg/kiosk/grafana_idtoken_login.go:51.16,52.13 1 0
github.com/grafana/grafana-kiosk/pkg/kiosk/grafana_idtoken_login.go:55.54,57.26 1 0
github.com/grafana/grafana-kiosk/pkg/kiosk/grafana_idtoken_login.go:58.34,59.14 1 0
github.com/grafana/grafana-kiosk/pkg/kiosk/grafana_idtoken_login.go:59.14,61.42 2 0
github.com/grafana/grafana-kiosk/pkg/kiosk/grafana_idtoken_login.go:64.5,65.19 2 0
github.com/grafana/grafana-kiosk/pkg/kiosk/grafana_idtoken_login.go:68.5,70.19 3 0
github.com/grafana/grafana-kiosk/pkg/kiosk/grafana_idtoken_login.go:61.42,63.6 1 0
github.com/grafana/grafana-kiosk/pkg/kiosk/grafana_idtoken_login.go:65.19,66.53 1 0
github.com/grafana/grafana-kiosk/pkg/kiosk/grafana_idtoken_login.go:70.19,71.68 1 0
github.com/grafana/grafana-kiosk/pkg/kiosk/grafana_idtoken_login.go:77.73,78.13 1 0
github.com/grafana/grafana-kiosk/pkg/kiosk/grafana_idtoken_login.go:86.55,90.2 2 0
github.com/grafana/grafana-kiosk/pkg/kiosk/grafana_idtoken_login.go:92.45,98.2 1 0
